[2026-02-24 11:47:11] local.ERROR: Fyjt remote service not configured {"endpoint":"missing","has_secret":true} 
[2026-02-24 11:47:48] local.ERROR: Fyjt remote service not configured {"endpoint":"missing","has_secret":true} 
[2026-02-24 11:55:29] local.ERROR: Fyjt remote service not configured {"endpoint":"missing","has_secret":true} 
[2026-02-24 11:56:37] local.ERROR: Fyjt remote service not configured {"endpoint":"missing","has_secret":true} 
[2026-02-24 12:13:47] local.ERROR: Fyjt remote service not configured {"endpoint":"missing","has_secret":true} 
[2026-02-24 12:51:29] local.ERROR: Fyjt remote service not configured {"endpoint":"missing","has_secret":true} 
[2026-02-24 13:18:14] local.ERROR: Fyjt remote service not configured {"endpoint":"missing","has_secret":true} 
[2026-02-24 14:10:14] local.ERROR: Fyjt remote request exception {"error":"cURL error 60: SSL certificate problem: unable to get local issuer certificate (see https://curl.haxx.se/libcurl/c/libcurl-errors.html) for https://eml.egoo.dpdns.org/api/trigger"} 
[2026-02-24 14:25:51] local.ERROR: Fyjt remote request exception {"error":"cURL error 60: SSL certificate problem: unable to get local issuer certificate (see https://curl.haxx.se/libcurl/c/libcurl-errors.html) for https://eml.egoo.dpdns.org/api/trigger"} 
[2026-02-24 14:31:22] local.ERROR: Fyjt remote request exception {"error":"cURL error 60: SSL certificate problem: unable to get local issuer certificate (see https://curl.haxx.se/libcurl/c/libcurl-errors.html) for https://eml.egoo.dpdns.org/api/trigger"} 
[2026-02-24 14:34:17] local.ERROR: Fyjt remote request exception {"error":"cURL error 60: SSL certificate problem: unable to get local issuer certificate (see https://curl.haxx.se/libcurl/c/libcurl-errors.html) for https://eml.egoo.dpdns.org/api/trigger"} 
[2026-02-24 15:47:01] local.ERROR: Fyjt remote request failed {"status":500,"body":"{
    \"message\": \"Call to a member function middleware() on array\",
    \"exception\": \"Error\",
    \"file\": \"/www/wwwroot/eml/routes/api.php\",
    \"line\": 21,
    \"trace\": [
        {
            \"file\": \"/www/wwwroot/eml/vendor/laravel/framework/src/Illuminate/Routing/RouteFileRegistrar.php\",
            \"line\": 35,
            \"function\": \"require\"
        },
        {
            \"file\": \"/www/wwwroot/eml/vendor/laravel/framework/src/Illuminate/Routing/Router.php\",
            \"line\": 425,
            \"function\": \"register\",
            \"class\": \"Illuminate\\\\Routing\\\\RouteFileRegistrar\",
            \"type\": \"->\"
        },
        {
            \"file\": \"/www/wwwroot/eml/vendor/laravel/framework/src/Illuminate/Routing/Router.php\",
            \"line\": 382,
            \"function\": \"loadRoutes\",
            \"class\": \"Illuminate\\\\Routing\\\\Router\",
            \"type\": \"->\"
        },
        {
            \"file\": \"/www/wwwroot/eml/vendor/laravel/framework/src/Illuminate/Routing/RouteRegistrar.php\",
            \"line\": 163,
            \"function\": \"group\",
            \"class\": \"Illuminate\\\\Routing\\\\Router\",
            \"type\": \"->\"
        },
        {
            \"file\": \"/www/wwwroot/eml/app/Providers/RouteServiceProvider.php\",
            \"line\": 44,
            \"function\": \"group\",
            \"class\": \"Illuminate\\\\Routing\\\\RouteRegistrar\",
            \"type\": \"->\"
        },
        {
            \"file\": \"/www/wwwroot/eml/vendor/laravel/framework/src/Illuminate/Container/BoundMethod.php\",
            \"line\": 36,
            \"function\": \"App\\\\Providers\\\\{closure}\",
            \"class\": \"App\\\\Providers\\\\RouteServiceProvider\",
            \"type\": \"->\"
        },
        {
            \"file\": \"/www/wwwroot/eml/vendor/laravel/framework/src/Illuminate/Container/Util.php\",
            \"line\": 40,
            \"function\": \"Illuminate\\\\Container\\\\{closure}\",
            \"class\": \"Illuminate\\\\Container\\\\BoundMethod\",
            \"type\": \"::\"
        },
        {
            \"file\": \"/www/wwwroot/eml/vendor/laravel/framework/src/Illuminate/Container/BoundMethod.php\",
            \"line\": 81,
            \"function\": \"unwrapIfClosure\",
            \"class\": \"Illuminate\\\\Container\\\\Util\",
            \"type\": \"::\"
        },
        {
            \"file\": \"/www/wwwroot/eml/vendor/laravel/framework/src/Illuminate/Container/BoundMethod.php\",
            \"line\": 37,
            \"function\": \"callBoundMethod\",
            \"class\": \"Illuminate\\\\Container\\\\BoundMethod\",
            \"type\": \"::\"
        },
        {
            \"file\": \"/www/wwwroot/eml/vendor/laravel/framework/src/Illuminate/Container/Container.php\",
            \"line\": 653,
            \"function\": \"call\",
            \"class\": \"Illuminate\\\\Container\\\\BoundMethod\",
            \"type\": \"::\"
        },
        {
            \"file\": \"/www/wwwroot/eml/vendor/laravel/framework/src/Illuminate/Foundation/Support/Providers/RouteServiceProvider.php\",
            \"line\": 120,
            \"function\": \"call\",
            \"class\": \"Illuminate\\\\Container\\\\Container\",
            \"type\": \"->\"
        },
        {
            \"file\": \"/www/wwwroot/eml/vendor/laravel/framework/src/Illuminate/Foundation/Support/Providers/RouteServiceProvider.php\",
            \"line\": 45,
            \"function\": \"loadRoutes\",
            \"class\": \"Illuminate\\\\Foundation\\\\Support\\\\Providers\\\\RouteServiceProvider\",
            \"type\": \"->\"
        },
        {
            \"file\": \"/www/wwwroot/eml/vendor/laravel/framework/src/Illuminate/Container/BoundMethod.php\",
            \"line\": 36,
            \"function\": \"Illuminate\\\\Foundation\\\\Support\\\\Providers\\\\{closure}\",
            \"class\": \"Illuminate\\\\Foundation\\\\Support\\\\Providers\\\\RouteServiceProvider\",
            \"type\": \"->\"
        },
        {
            \"file\": \"/www/wwwroot/eml/vendor/laravel/framework/src/Illuminate/Container/Util.php\",
            \"line\": 40,
            \"function\": \"Illuminate\\\\Container\\\\{closure}\",
            \"class\": \"Illuminate\\\\Container\\\\BoundMethod\",
            \"type\": \"::\"
        },
        {
            \"file\": \"/www/wwwroot/eml/vendor/laravel/framework/src/Illuminate/Container/BoundMethod.php\",
            \"line\": 81,
            \"function\": \"unwrapIfClosure\",
            \"class\": \"Illuminate\\\\Container\\\\Util\",
            \"type\": \"::\"
        },
        {
            \"file\": \"/www/wwwroot/eml/vendor/laravel/framework/src/Illuminate/Container/BoundMethod.php\",
            \"line\": 37,
            \"function\": \"callBoundMethod\",
            \"class\": \"Illuminate\\\\Container\\\\BoundMethod\",
            \"type\": \"::\"
        },
        {
            \"file\": \"/www/wwwroot/eml/vendor/laravel/framework/src/Illuminate/Container/Container.php\",
            \"line\": 653,
            \"function\": \"call\",
            \"class\": \"Illuminate\\\\Container\\\\BoundMethod\",
            \"type\": \"::\"
        },
        {
            \"file\": \"/www/wwwroot/eml/vendor/laravel/framework/src/Illuminate/Support/ServiceProvider.php\",
            \"line\": 119,
            \"function\": \"call\",
            \"class\": \"Illuminate\\\\Container\\\\Container\",
            \"type\": \"->\"
        },
        {
            \"file\": \"/www/wwwroot/eml/vendor/laravel/framework/src/Illuminate/Foundation/Application.php\",
            \"line\": 929,
            \"function\": \"callBootedCallbacks\",
            \"class\": \"Illuminate\\\\Support\\\\ServiceProvider\",
            \"type\": \"->\"
        },
        {
            \"file\": \"/www/wwwroot/eml/vendor/laravel/framework/src/Illuminate/Foundation/Application.php\",
            \"line\": 907,
            \"function\": \"bootProvider\",
            \"class\": \"Illuminate\\\\Foundation\\\\Application\",
            \"type\": \"->\"
        },
        {
            \"function\": \"Illuminate\\\\Foundation\\\\{closure}\",
            \"class\": \"Illuminate\\\\Foundation\\\\Application\",
            \"type\": \"->\"
        },
        {
            \"file\": \"/www/wwwroot/eml/vendor/laravel/framework/src/Illuminate/Foundation/Application.php\",
            \"line\": 908,
            \"function\": \"array_walk\"
        },
        {
            \"file\": \"/www/wwwroot/eml/vendor/laravel/framework/src/Illuminate/Foundation/Bootstrap/BootProviders.php\",
            \"line\": 17,
            \"function\": \"boot\",
            \"class\": \"Illuminate\\\\Foundation\\\\Application\",
            \"type\": \"->\"
        },
        {
            \"file\": \"/www/wwwroot/eml/vendor/laravel/framework/src/Illuminate/Foundation/Application.php\",
            \"line\": 237,
            \"function\": \"bootstrap\",
            \"class\": \"Illuminate\\\\Foundation\\\\Bootstrap\\\\BootProviders\",
            \"type\": \"->\"
        },
        {
            \"file\": \"/www/wwwroot/eml/vendor/laravel/framework/src/Illuminate/Foundation/Http/Kernel.php\",
            \"line\": 153,
            \"function\": \"bootstrapWith\",
            \"class\": \"Illuminate\\\\Foundation\\\\Application\",
            \"type\": \"->\"
        },
        {
            \"file\": \"/www/wwwroot/eml/vendor/laravel/framework/src/Illuminate/Foundation/Http/Kernel.php\",
            \"line\": 137,
            \"function\": \"bootstrap\",
            \"class\": \"Illuminate\\\\Foundation\\\\Http\\\\Kernel\",
            \"type\": \"->\"
        },
        {
            \"file\": \"/www/wwwroot/eml/vendor/laravel/framework/src/Illuminate/Foundation/Http/Kernel.php\",
            \"line\": 111,
            \"function\": \"sendRequestThroughRouter\",
            \"class\": \"Illuminate\\\\Foundation\\\\Http\\\\Kernel\",
            \"type\": \"->\"
        },
        {
            \"file\": \"/www/wwwroot/eml/public/index.php\",
            \"line\": 52,
            \"function\": \"handle\",
            \"class\": \"Illuminate\\\\Foundation\\\\Http\\\\Kernel\",
            \"type\": \"->\"
        }
    ]
}"} 
[2026-02-24 16:09:24] local.ERROR: Fyjt remote request failed {"status":500,"body":"{
    \"message\": \"Call to a member function middleware() on array\",
    \"exception\": \"Error\",
    \"file\": \"/www/wwwroot/eml/routes/api.php\",
    \"line\": 21,
    \"trace\": [
        {
            \"file\": \"/www/wwwroot/eml/vendor/laravel/framework/src/Illuminate/Routing/RouteFileRegistrar.php\",
            \"line\": 35,
            \"function\": \"require\"
        },
        {
            \"file\": \"/www/wwwroot/eml/vendor/laravel/framework/src/Illuminate/Routing/Router.php\",
            \"line\": 425,
            \"function\": \"register\",
            \"class\": \"Illuminate\\\\Routing\\\\RouteFileRegistrar\",
            \"type\": \"->\"
        },
        {
            \"file\": \"/www/wwwroot/eml/vendor/laravel/framework/src/Illuminate/Routing/Router.php\",
            \"line\": 382,
            \"function\": \"loadRoutes\",
            \"class\": \"Illuminate\\\\Routing\\\\Router\",
            \"type\": \"->\"
        },
        {
            \"file\": \"/www/wwwroot/eml/vendor/laravel/framework/src/Illuminate/Routing/RouteRegistrar.php\",
            \"line\": 163,
            \"function\": \"group\",
            \"class\": \"Illuminate\\\\Routing\\\\Router\",
            \"type\": \"->\"
        },
        {
            \"file\": \"/www/wwwroot/eml/app/Providers/RouteServiceProvider.php\",
            \"line\": 44,
            \"function\": \"group\",
            \"class\": \"Illuminate\\\\Routing\\\\RouteRegistrar\",
            \"type\": \"->\"
        },
        {
            \"file\": \"/www/wwwroot/eml/vendor/laravel/framework/src/Illuminate/Container/BoundMethod.php\",
            \"line\": 36,
            \"function\": \"App\\\\Providers\\\\{closure}\",
            \"class\": \"App\\\\Providers\\\\RouteServiceProvider\",
            \"type\": \"->\"
        },
        {
            \"file\": \"/www/wwwroot/eml/vendor/laravel/framework/src/Illuminate/Container/Util.php\",
            \"line\": 40,
            \"function\": \"Illuminate\\\\Container\\\\{closure}\",
            \"class\": \"Illuminate\\\\Container\\\\BoundMethod\",
            \"type\": \"::\"
        },
        {
            \"file\": \"/www/wwwroot/eml/vendor/laravel/framework/src/Illuminate/Container/BoundMethod.php\",
            \"line\": 81,
            \"function\": \"unwrapIfClosure\",
            \"class\": \"Illuminate\\\\Container\\\\Util\",
            \"type\": \"::\"
        },
        {
            \"file\": \"/www/wwwroot/eml/vendor/laravel/framework/src/Illuminate/Container/BoundMethod.php\",
            \"line\": 37,
            \"function\": \"callBoundMethod\",
            \"class\": \"Illuminate\\\\Container\\\\BoundMethod\",
            \"type\": \"::\"
        },
        {
            \"file\": \"/www/wwwroot/eml/vendor/laravel/framework/src/Illuminate/Container/Container.php\",
            \"line\": 653,
            \"function\": \"call\",
            \"class\": \"Illuminate\\\\Container\\\\BoundMethod\",
            \"type\": \"::\"
        },
        {
            \"file\": \"/www/wwwroot/eml/vendor/laravel/framework/src/Illuminate/Foundation/Support/Providers/RouteServiceProvider.php\",
            \"line\": 120,
            \"function\": \"call\",
            \"class\": \"Illuminate\\\\Container\\\\Container\",
            \"type\": \"->\"
        },
        {
            \"file\": \"/www/wwwroot/eml/vendor/laravel/framework/src/Illuminate/Foundation/Support/Providers/RouteServiceProvider.php\",
            \"line\": 45,
            \"function\": \"loadRoutes\",
            \"class\": \"Illuminate\\\\Foundation\\\\Support\\\\Providers\\\\RouteServiceProvider\",
            \"type\": \"->\"
        },
        {
            \"file\": \"/www/wwwroot/eml/vendor/laravel/framework/src/Illuminate/Container/BoundMethod.php\",
            \"line\": 36,
            \"function\": \"Illuminate\\\\Foundation\\\\Support\\\\Providers\\\\{closure}\",
            \"class\": \"Illuminate\\\\Foundation\\\\Support\\\\Providers\\\\RouteServiceProvider\",
            \"type\": \"->\"
        },
        {
            \"file\": \"/www/wwwroot/eml/vendor/laravel/framework/src/Illuminate/Container/Util.php\",
            \"line\": 40,
            \"function\": \"Illuminate\\\\Container\\\\{closure}\",
            \"class\": \"Illuminate\\\\Container\\\\BoundMethod\",
            \"type\": \"::\"
        },
        {
            \"file\": \"/www/wwwroot/eml/vendor/laravel/framework/src/Illuminate/Container/BoundMethod.php\",
            \"line\": 81,
            \"function\": \"unwrapIfClosure\",
            \"class\": \"Illuminate\\\\Container\\\\Util\",
            \"type\": \"::\"
        },
        {
            \"file\": \"/www/wwwroot/eml/vendor/laravel/framework/src/Illuminate/Container/BoundMethod.php\",
            \"line\": 37,
            \"function\": \"callBoundMethod\",
            \"class\": \"Illuminate\\\\Container\\\\BoundMethod\",
            \"type\": \"::\"
        },
        {
            \"file\": \"/www/wwwroot/eml/vendor/laravel/framework/src/Illuminate/Container/Container.php\",
            \"line\": 653,
            \"function\": \"call\",
            \"class\": \"Illuminate\\\\Container\\\\BoundMethod\",
            \"type\": \"::\"
        },
        {
            \"file\": \"/www/wwwroot/eml/vendor/laravel/framework/src/Illuminate/Support/ServiceProvider.php\",
            \"line\": 119,
            \"function\": \"call\",
            \"class\": \"Illuminate\\\\Container\\\\Container\",
            \"type\": \"->\"
        },
        {
            \"file\": \"/www/wwwroot/eml/vendor/laravel/framework/src/Illuminate/Foundation/Application.php\",
            \"line\": 929,
            \"function\": \"callBootedCallbacks\",
            \"class\": \"Illuminate\\\\Support\\\\ServiceProvider\",
            \"type\": \"->\"
        },
        {
            \"file\": \"/www/wwwroot/eml/vendor/laravel/framework/src/Illuminate/Foundation/Application.php\",
            \"line\": 907,
            \"function\": \"bootProvider\",
            \"class\": \"Illuminate\\\\Foundation\\\\Application\",
            \"type\": \"->\"
        },
        {
            \"function\": \"Illuminate\\\\Foundation\\\\{closure}\",
            \"class\": \"Illuminate\\\\Foundation\\\\Application\",
            \"type\": \"->\"
        },
        {
            \"file\": \"/www/wwwroot/eml/vendor/laravel/framework/src/Illuminate/Foundation/Application.php\",
            \"line\": 908,
            \"function\": \"array_walk\"
        },
        {
            \"file\": \"/www/wwwroot/eml/vendor/laravel/framework/src/Illuminate/Foundation/Bootstrap/BootProviders.php\",
            \"line\": 17,
            \"function\": \"boot\",
            \"class\": \"Illuminate\\\\Foundation\\\\Application\",
            \"type\": \"->\"
        },
        {
            \"file\": \"/www/wwwroot/eml/vendor/laravel/framework/src/Illuminate/Foundation/Application.php\",
            \"line\": 237,
            \"function\": \"bootstrap\",
            \"class\": \"Illuminate\\\\Foundation\\\\Bootstrap\\\\BootProviders\",
            \"type\": \"->\"
        },
        {
            \"file\": \"/www/wwwroot/eml/vendor/laravel/framework/src/Illuminate/Foundation/Http/Kernel.php\",
            \"line\": 153,
            \"function\": \"bootstrapWith\",
            \"class\": \"Illuminate\\\\Foundation\\\\Application\",
            \"type\": \"->\"
        },
        {
            \"file\": \"/www/wwwroot/eml/vendor/laravel/framework/src/Illuminate/Foundation/Http/Kernel.php\",
            \"line\": 137,
            \"function\": \"bootstrap\",
            \"class\": \"Illuminate\\\\Foundation\\\\Http\\\\Kernel\",
            \"type\": \"->\"
        },
        {
            \"file\": \"/www/wwwroot/eml/vendor/laravel/framework/src/Illuminate/Foundation/Http/Kernel.php\",
            \"line\": 111,
            \"function\": \"sendRequestThroughRouter\",
            \"class\": \"Illuminate\\\\Foundation\\\\Http\\\\Kernel\",
            \"type\": \"->\"
        },
        {
            \"file\": \"/www/wwwroot/eml/public/index.php\",
            \"line\": 52,
            \"function\": \"handle\",
            \"class\": \"Illuminate\\\\Foundation\\\\Http\\\\Kernel\",
            \"type\": \"->\"
        }
    ]
}"} 
[2026-02-24 16:10:44] local.ERROR: Fyjt remote request failed {"status":500,"body":"{
    \"message\": \"Call to a member function middleware() on array\",
    \"exception\": \"Error\",
    \"file\": \"/www/wwwroot/eml/routes/api.php\",
    \"line\": 21,
    \"trace\": [
        {
            \"file\": \"/www/wwwroot/eml/vendor/laravel/framework/src/Illuminate/Routing/RouteFileRegistrar.php\",
            \"line\": 35,
            \"function\": \"require\"
        },
        {
            \"file\": \"/www/wwwroot/eml/vendor/laravel/framework/src/Illuminate/Routing/Router.php\",
            \"line\": 425,
            \"function\": \"register\",
            \"class\": \"Illuminate\\\\Routing\\\\RouteFileRegistrar\",
            \"type\": \"->\"
        },
        {
            \"file\": \"/www/wwwroot/eml/vendor/laravel/framework/src/Illuminate/Routing/Router.php\",
            \"line\": 382,
            \"function\": \"loadRoutes\",
            \"class\": \"Illuminate\\\\Routing\\\\Router\",
            \"type\": \"->\"
        },
        {
            \"file\": \"/www/wwwroot/eml/vendor/laravel/framework/src/Illuminate/Routing/RouteRegistrar.php\",
            \"line\": 163,
            \"function\": \"group\",
            \"class\": \"Illuminate\\\\Routing\\\\Router\",
            \"type\": \"->\"
        },
        {
            \"file\": \"/www/wwwroot/eml/app/Providers/RouteServiceProvider.php\",
            \"line\": 44,
            \"function\": \"group\",
            \"class\": \"Illuminate\\\\Routing\\\\RouteRegistrar\",
            \"type\": \"->\"
        },
        {
            \"file\": \"/www/wwwroot/eml/vendor/laravel/framework/src/Illuminate/Container/BoundMethod.php\",
            \"line\": 36,
            \"function\": \"App\\\\Providers\\\\{closure}\",
            \"class\": \"App\\\\Providers\\\\RouteServiceProvider\",
            \"type\": \"->\"
        },
        {
            \"file\": \"/www/wwwroot/eml/vendor/laravel/framework/src/Illuminate/Container/Util.php\",
            \"line\": 40,
            \"function\": \"Illuminate\\\\Container\\\\{closure}\",
            \"class\": \"Illuminate\\\\Container\\\\BoundMethod\",
            \"type\": \"::\"
        },
        {
            \"file\": \"/www/wwwroot/eml/vendor/laravel/framework/src/Illuminate/Container/BoundMethod.php\",
            \"line\": 81,
            \"function\": \"unwrapIfClosure\",
            \"class\": \"Illuminate\\\\Container\\\\Util\",
            \"type\": \"::\"
        },
        {
            \"file\": \"/www/wwwroot/eml/vendor/laravel/framework/src/Illuminate/Container/BoundMethod.php\",
            \"line\": 37,
            \"function\": \"callBoundMethod\",
            \"class\": \"Illuminate\\\\Container\\\\BoundMethod\",
            \"type\": \"::\"
        },
        {
            \"file\": \"/www/wwwroot/eml/vendor/laravel/framework/src/Illuminate/Container/Container.php\",
            \"line\": 653,
            \"function\": \"call\",
            \"class\": \"Illuminate\\\\Container\\\\BoundMethod\",
            \"type\": \"::\"
        },
        {
            \"file\": \"/www/wwwroot/eml/vendor/laravel/framework/src/Illuminate/Foundation/Support/Providers/RouteServiceProvider.php\",
            \"line\": 120,
            \"function\": \"call\",
            \"class\": \"Illuminate\\\\Container\\\\Container\",
            \"type\": \"->\"
        },
        {
            \"file\": \"/www/wwwroot/eml/vendor/laravel/framework/src/Illuminate/Foundation/Support/Providers/RouteServiceProvider.php\",
            \"line\": 45,
            \"function\": \"loadRoutes\",
            \"class\": \"Illuminate\\\\Foundation\\\\Support\\\\Providers\\\\RouteServiceProvider\",
            \"type\": \"->\"
        },
        {
            \"file\": \"/www/wwwroot/eml/vendor/laravel/framework/src/Illuminate/Container/BoundMethod.php\",
            \"line\": 36,
            \"function\": \"Illuminate\\\\Foundation\\\\Support\\\\Providers\\\\{closure}\",
            \"class\": \"Illuminate\\\\Foundation\\\\Support\\\\Providers\\\\RouteServiceProvider\",
            \"type\": \"->\"
        },
        {
            \"file\": \"/www/wwwroot/eml/vendor/laravel/framework/src/Illuminate/Container/Util.php\",
            \"line\": 40,
            \"function\": \"Illuminate\\\\Container\\\\{closure}\",
            \"class\": \"Illuminate\\\\Container\\\\BoundMethod\",
            \"type\": \"::\"
        },
        {
            \"file\": \"/www/wwwroot/eml/vendor/laravel/framework/src/Illuminate/Container/BoundMethod.php\",
            \"line\": 81,
            \"function\": \"unwrapIfClosure\",
            \"class\": \"Illuminate\\\\Container\\\\Util\",
            \"type\": \"::\"
        },
        {
            \"file\": \"/www/wwwroot/eml/vendor/laravel/framework/src/Illuminate/Container/BoundMethod.php\",
            \"line\": 37,
            \"function\": \"callBoundMethod\",
            \"class\": \"Illuminate\\\\Container\\\\BoundMethod\",
            \"type\": \"::\"
        },
        {
            \"file\": \"/www/wwwroot/eml/vendor/laravel/framework/src/Illuminate/Container/Container.php\",
            \"line\": 653,
            \"function\": \"call\",
            \"class\": \"Illuminate\\\\Container\\\\BoundMethod\",
            \"type\": \"::\"
        },
        {
            \"file\": \"/www/wwwroot/eml/vendor/laravel/framework/src/Illuminate/Support/ServiceProvider.php\",
            \"line\": 119,
            \"function\": \"call\",
            \"class\": \"Illuminate\\\\Container\\\\Container\",
            \"type\": \"->\"
        },
        {
            \"file\": \"/www/wwwroot/eml/vendor/laravel/framework/src/Illuminate/Foundation/Application.php\",
            \"line\": 929,
            \"function\": \"callBootedCallbacks\",
            \"class\": \"Illuminate\\\\Support\\\\ServiceProvider\",
            \"type\": \"->\"
        },
        {
            \"file\": \"/www/wwwroot/eml/vendor/laravel/framework/src/Illuminate/Foundation/Application.php\",
            \"line\": 907,
            \"function\": \"bootProvider\",
            \"class\": \"Illuminate\\\\Foundation\\\\Application\",
            \"type\": \"->\"
        },
        {
            \"function\": \"Illuminate\\\\Foundation\\\\{closure}\",
            \"class\": \"Illuminate\\\\Foundation\\\\Application\",
            \"type\": \"->\"
        },
        {
            \"file\": \"/www/wwwroot/eml/vendor/laravel/framework/src/Illuminate/Foundation/Application.php\",
            \"line\": 908,
            \"function\": \"array_walk\"
        },
        {
            \"file\": \"/www/wwwroot/eml/vendor/laravel/framework/src/Illuminate/Foundation/Bootstrap/BootProviders.php\",
            \"line\": 17,
            \"function\": \"boot\",
            \"class\": \"Illuminate\\\\Foundation\\\\Application\",
            \"type\": \"->\"
        },
        {
            \"file\": \"/www/wwwroot/eml/vendor/laravel/framework/src/Illuminate/Foundation/Application.php\",
            \"line\": 237,
            \"function\": \"bootstrap\",
            \"class\": \"Illuminate\\\\Foundation\\\\Bootstrap\\\\BootProviders\",
            \"type\": \"->\"
        },
        {
            \"file\": \"/www/wwwroot/eml/vendor/laravel/framework/src/Illuminate/Foundation/Http/Kernel.php\",
            \"line\": 153,
            \"function\": \"bootstrapWith\",
            \"class\": \"Illuminate\\\\Foundation\\\\Application\",
            \"type\": \"->\"
        },
        {
            \"file\": \"/www/wwwroot/eml/vendor/laravel/framework/src/Illuminate/Foundation/Http/Kernel.php\",
            \"line\": 137,
            \"function\": \"bootstrap\",
            \"class\": \"Illuminate\\\\Foundation\\\\Http\\\\Kernel\",
            \"type\": \"->\"
        },
        {
            \"file\": \"/www/wwwroot/eml/vendor/laravel/framework/src/Illuminate/Foundation/Http/Kernel.php\",
            \"line\": 111,
            \"function\": \"sendRequestThroughRouter\",
            \"class\": \"Illuminate\\\\Foundation\\\\Http\\\\Kernel\",
            \"type\": \"->\"
        },
        {
            \"file\": \"/www/wwwroot/eml/public/index.php\",
            \"line\": 52,
            \"function\": \"handle\",
            \"class\": \"Illuminate\\\\Foundation\\\\Http\\\\Kernel\",
            \"type\": \"->\"
        }
    ]
}"} 
[2026-02-24 16:32:11] local.ERROR: Fyjt remote request failed {"status":500,"body":"{
    \"message\": \"Call to a member function middleware() on array\",
    \"exception\": \"Error\",
    \"file\": \"/www/wwwroot/eml/routes/api.php\",
    \"line\": 21,
    \"trace\": [
        {
            \"file\": \"/www/wwwroot/eml/vendor/laravel/framework/src/Illuminate/Routing/RouteFileRegistrar.php\",
            \"line\": 35,
            \"function\": \"require\"
        },
        {
            \"file\": \"/www/wwwroot/eml/vendor/laravel/framework/src/Illuminate/Routing/Router.php\",
            \"line\": 425,
            \"function\": \"register\",
            \"class\": \"Illuminate\\\\Routing\\\\RouteFileRegistrar\",
            \"type\": \"->\"
        },
        {
            \"file\": \"/www/wwwroot/eml/vendor/laravel/framework/src/Illuminate/Routing/Router.php\",
            \"line\": 382,
            \"function\": \"loadRoutes\",
            \"class\": \"Illuminate\\\\Routing\\\\Router\",
            \"type\": \"->\"
        },
        {
            \"file\": \"/www/wwwroot/eml/vendor/laravel/framework/src/Illuminate/Routing/RouteRegistrar.php\",
            \"line\": 163,
            \"function\": \"group\",
            \"class\": \"Illuminate\\\\Routing\\\\Router\",
            \"type\": \"->\"
        },
        {
            \"file\": \"/www/wwwroot/eml/app/Providers/RouteServiceProvider.php\",
            \"line\": 44,
            \"function\": \"group\",
            \"class\": \"Illuminate\\\\Routing\\\\RouteRegistrar\",
            \"type\": \"->\"
        },
        {
            \"file\": \"/www/wwwroot/eml/vendor/laravel/framework/src/Illuminate/Container/BoundMethod.php\",
            \"line\": 36,
            \"function\": \"App\\\\Providers\\\\{closure}\",
            \"class\": \"App\\\\Providers\\\\RouteServiceProvider\",
            \"type\": \"->\"
        },
        {
            \"file\": \"/www/wwwroot/eml/vendor/laravel/framework/src/Illuminate/Container/Util.php\",
            \"line\": 40,
            \"function\": \"Illuminate\\\\Container\\\\{closure}\",
            \"class\": \"Illuminate\\\\Container\\\\BoundMethod\",
            \"type\": \"::\"
        },
        {
            \"file\": \"/www/wwwroot/eml/vendor/laravel/framework/src/Illuminate/Container/BoundMethod.php\",
            \"line\": 81,
            \"function\": \"unwrapIfClosure\",
            \"class\": \"Illuminate\\\\Container\\\\Util\",
            \"type\": \"::\"
        },
        {
            \"file\": \"/www/wwwroot/eml/vendor/laravel/framework/src/Illuminate/Container/BoundMethod.php\",
            \"line\": 37,
            \"function\": \"callBoundMethod\",
            \"class\": \"Illuminate\\\\Container\\\\BoundMethod\",
            \"type\": \"::\"
        },
        {
            \"file\": \"/www/wwwroot/eml/vendor/laravel/framework/src/Illuminate/Container/Container.php\",
            \"line\": 653,
            \"function\": \"call\",
            \"class\": \"Illuminate\\\\Container\\\\BoundMethod\",
            \"type\": \"::\"
        },
        {
            \"file\": \"/www/wwwroot/eml/vendor/laravel/framework/src/Illuminate/Foundation/Support/Providers/RouteServiceProvider.php\",
            \"line\": 120,
            \"function\": \"call\",
            \"class\": \"Illuminate\\\\Container\\\\Container\",
            \"type\": \"->\"
        },
        {
            \"file\": \"/www/wwwroot/eml/vendor/laravel/framework/src/Illuminate/Foundation/Support/Providers/RouteServiceProvider.php\",
            \"line\": 45,
            \"function\": \"loadRoutes\",
            \"class\": \"Illuminate\\\\Foundation\\\\Support\\\\Providers\\\\RouteServiceProvider\",
            \"type\": \"->\"
        },
        {
            \"file\": \"/www/wwwroot/eml/vendor/laravel/framework/src/Illuminate/Container/BoundMethod.php\",
            \"line\": 36,
            \"function\": \"Illuminate\\\\Foundation\\\\Support\\\\Providers\\\\{closure}\",
            \"class\": \"Illuminate\\\\Foundation\\\\Support\\\\Providers\\\\RouteServiceProvider\",
            \"type\": \"->\"
        },
        {
            \"file\": \"/www/wwwroot/eml/vendor/laravel/framework/src/Illuminate/Container/Util.php\",
            \"line\": 40,
            \"function\": \"Illuminate\\\\Container\\\\{closure}\",
            \"class\": \"Illuminate\\\\Container\\\\BoundMethod\",
            \"type\": \"::\"
        },
        {
            \"file\": \"/www/wwwroot/eml/vendor/laravel/framework/src/Illuminate/Container/BoundMethod.php\",
            \"line\": 81,
            \"function\": \"unwrapIfClosure\",
            \"class\": \"Illuminate\\\\Container\\\\Util\",
            \"type\": \"::\"
        },
        {
            \"file\": \"/www/wwwroot/eml/vendor/laravel/framework/src/Illuminate/Container/BoundMethod.php\",
            \"line\": 37,
            \"function\": \"callBoundMethod\",
            \"class\": \"Illuminate\\\\Container\\\\BoundMethod\",
            \"type\": \"::\"
        },
        {
            \"file\": \"/www/wwwroot/eml/vendor/laravel/framework/src/Illuminate/Container/Container.php\",
            \"line\": 653,
            \"function\": \"call\",
            \"class\": \"Illuminate\\\\Container\\\\BoundMethod\",
            \"type\": \"::\"
        },
        {
            \"file\": \"/www/wwwroot/eml/vendor/laravel/framework/src/Illuminate/Support/ServiceProvider.php\",
            \"line\": 119,
            \"function\": \"call\",
            \"class\": \"Illuminate\\\\Container\\\\Container\",
            \"type\": \"->\"
        },
        {
            \"file\": \"/www/wwwroot/eml/vendor/laravel/framework/src/Illuminate/Foundation/Application.php\",
            \"line\": 929,
            \"function\": \"callBootedCallbacks\",
            \"class\": \"Illuminate\\\\Support\\\\ServiceProvider\",
            \"type\": \"->\"
        },
        {
            \"file\": \"/www/wwwroot/eml/vendor/laravel/framework/src/Illuminate/Foundation/Application.php\",
            \"line\": 907,
            \"function\": \"bootProvider\",
            \"class\": \"Illuminate\\\\Foundation\\\\Application\",
            \"type\": \"->\"
        },
        {
            \"function\": \"Illuminate\\\\Foundation\\\\{closure}\",
            \"class\": \"Illuminate\\\\Foundation\\\\Application\",
            \"type\": \"->\"
        },
        {
            \"file\": \"/www/wwwroot/eml/vendor/laravel/framework/src/Illuminate/Foundation/Application.php\",
            \"line\": 908,
            \"function\": \"array_walk\"
        },
        {
            \"file\": \"/www/wwwroot/eml/vendor/laravel/framework/src/Illuminate/Foundation/Bootstrap/BootProviders.php\",
            \"line\": 17,
            \"function\": \"boot\",
            \"class\": \"Illuminate\\\\Foundation\\\\Application\",
            \"type\": \"->\"
        },
        {
            \"file\": \"/www/wwwroot/eml/vendor/laravel/framework/src/Illuminate/Foundation/Application.php\",
            \"line\": 237,
            \"function\": \"bootstrap\",
            \"class\": \"Illuminate\\\\Foundation\\\\Bootstrap\\\\BootProviders\",
            \"type\": \"->\"
        },
        {
            \"file\": \"/www/wwwroot/eml/vendor/laravel/framework/src/Illuminate/Foundation/Http/Kernel.php\",
            \"line\": 153,
            \"function\": \"bootstrapWith\",
            \"class\": \"Illuminate\\\\Foundation\\\\Application\",
            \"type\": \"->\"
        },
        {
            \"file\": \"/www/wwwroot/eml/vendor/laravel/framework/src/Illuminate/Foundation/Http/Kernel.php\",
            \"line\": 137,
            \"function\": \"bootstrap\",
            \"class\": \"Illuminate\\\\Foundation\\\\Http\\\\Kernel\",
            \"type\": \"->\"
        },
        {
            \"file\": \"/www/wwwroot/eml/vendor/laravel/framework/src/Illuminate/Foundation/Http/Kernel.php\",
            \"line\": 111,
            \"function\": \"sendRequestThroughRouter\",
            \"class\": \"Illuminate\\\\Foundation\\\\Http\\\\Kernel\",
            \"type\": \"->\"
        },
        {
            \"file\": \"/www/wwwroot/eml/public/index.php\",
            \"line\": 52,
            \"function\": \"handle\",
            \"class\": \"Illuminate\\\\Foundation\\\\Http\\\\Kernel\",
            \"type\": \"->\"
        }
    ]
}"} 
[2026-02-24 16:35:37] local.ERROR: Fyjt remote request failed {"status":500,"body":"{
    \"message\": \"Call to a member function middleware() on array\",
    \"exception\": \"Error\",
    \"file\": \"/www/wwwroot/eml/routes/api.php\",
    \"line\": 21,
    \"trace\": [
        {
            \"file\": \"/www/wwwroot/eml/vendor/laravel/framework/src/Illuminate/Routing/RouteFileRegistrar.php\",
            \"line\": 35,
            \"function\": \"require\"
        },
        {
            \"file\": \"/www/wwwroot/eml/vendor/laravel/framework/src/Illuminate/Routing/Router.php\",
            \"line\": 425,
            \"function\": \"register\",
            \"class\": \"Illuminate\\\\Routing\\\\RouteFileRegistrar\",
            \"type\": \"->\"
        },
        {
            \"file\": \"/www/wwwroot/eml/vendor/laravel/framework/src/Illuminate/Routing/Router.php\",
            \"line\": 382,
            \"function\": \"loadRoutes\",
            \"class\": \"Illuminate\\\\Routing\\\\Router\",
            \"type\": \"->\"
        },
        {
            \"file\": \"/www/wwwroot/eml/vendor/laravel/framework/src/Illuminate/Routing/RouteRegistrar.php\",
            \"line\": 163,
            \"function\": \"group\",
            \"class\": \"Illuminate\\\\Routing\\\\Router\",
            \"type\": \"->\"
        },
        {
            \"file\": \"/www/wwwroot/eml/app/Providers/RouteServiceProvider.php\",
            \"line\": 44,
            \"function\": \"group\",
            \"class\": \"Illuminate\\\\Routing\\\\RouteRegistrar\",
            \"type\": \"->\"
        },
        {
            \"file\": \"/www/wwwroot/eml/vendor/laravel/framework/src/Illuminate/Container/BoundMethod.php\",
            \"line\": 36,
            \"function\": \"App\\\\Providers\\\\{closure}\",
            \"class\": \"App\\\\Providers\\\\RouteServiceProvider\",
            \"type\": \"->\"
        },
        {
            \"file\": \"/www/wwwroot/eml/vendor/laravel/framework/src/Illuminate/Container/Util.php\",
            \"line\": 40,
            \"function\": \"Illuminate\\\\Container\\\\{closure}\",
            \"class\": \"Illuminate\\\\Container\\\\BoundMethod\",
            \"type\": \"::\"
        },
        {
            \"file\": \"/www/wwwroot/eml/vendor/laravel/framework/src/Illuminate/Container/BoundMethod.php\",
            \"line\": 81,
            \"function\": \"unwrapIfClosure\",
            \"class\": \"Illuminate\\\\Container\\\\Util\",
            \"type\": \"::\"
        },
        {
            \"file\": \"/www/wwwroot/eml/vendor/laravel/framework/src/Illuminate/Container/BoundMethod.php\",
            \"line\": 37,
            \"function\": \"callBoundMethod\",
            \"class\": \"Illuminate\\\\Container\\\\BoundMethod\",
            \"type\": \"::\"
        },
        {
            \"file\": \"/www/wwwroot/eml/vendor/laravel/framework/src/Illuminate/Container/Container.php\",
            \"line\": 653,
            \"function\": \"call\",
            \"class\": \"Illuminate\\\\Container\\\\BoundMethod\",
            \"type\": \"::\"
        },
        {
            \"file\": \"/www/wwwroot/eml/vendor/laravel/framework/src/Illuminate/Foundation/Support/Providers/RouteServiceProvider.php\",
            \"line\": 120,
            \"function\": \"call\",
            \"class\": \"Illuminate\\\\Container\\\\Container\",
            \"type\": \"->\"
        },
        {
            \"file\": \"/www/wwwroot/eml/vendor/laravel/framework/src/Illuminate/Foundation/Support/Providers/RouteServiceProvider.php\",
            \"line\": 45,
            \"function\": \"loadRoutes\",
            \"class\": \"Illuminate\\\\Foundation\\\\Support\\\\Providers\\\\RouteServiceProvider\",
            \"type\": \"->\"
        },
        {
            \"file\": \"/www/wwwroot/eml/vendor/laravel/framework/src/Illuminate/Container/BoundMethod.php\",
            \"line\": 36,
            \"function\": \"Illuminate\\\\Foundation\\\\Support\\\\Providers\\\\{closure}\",
            \"class\": \"Illuminate\\\\Foundation\\\\Support\\\\Providers\\\\RouteServiceProvider\",
            \"type\": \"->\"
        },
        {
            \"file\": \"/www/wwwroot/eml/vendor/laravel/framework/src/Illuminate/Container/Util.php\",
            \"line\": 40,
            \"function\": \"Illuminate\\\\Container\\\\{closure}\",
            \"class\": \"Illuminate\\\\Container\\\\BoundMethod\",
            \"type\": \"::\"
        },
        {
            \"file\": \"/www/wwwroot/eml/vendor/laravel/framework/src/Illuminate/Container/BoundMethod.php\",
            \"line\": 81,
            \"function\": \"unwrapIfClosure\",
            \"class\": \"Illuminate\\\\Container\\\\Util\",
            \"type\": \"::\"
        },
        {
            \"file\": \"/www/wwwroot/eml/vendor/laravel/framework/src/Illuminate/Container/BoundMethod.php\",
            \"line\": 37,
            \"function\": \"callBoundMethod\",
            \"class\": \"Illuminate\\\\Container\\\\BoundMethod\",
            \"type\": \"::\"
        },
        {
            \"file\": \"/www/wwwroot/eml/vendor/laravel/framework/src/Illuminate/Container/Container.php\",
            \"line\": 653,
            \"function\": \"call\",
            \"class\": \"Illuminate\\\\Container\\\\BoundMethod\",
            \"type\": \"::\"
        },
        {
            \"file\": \"/www/wwwroot/eml/vendor/laravel/framework/src/Illuminate/Support/ServiceProvider.php\",
            \"line\": 119,
            \"function\": \"call\",
            \"class\": \"Illuminate\\\\Container\\\\Container\",
            \"type\": \"->\"
        },
        {
            \"file\": \"/www/wwwroot/eml/vendor/laravel/framework/src/Illuminate/Foundation/Application.php\",
            \"line\": 929,
            \"function\": \"callBootedCallbacks\",
            \"class\": \"Illuminate\\\\Support\\\\ServiceProvider\",
            \"type\": \"->\"
        },
        {
            \"file\": \"/www/wwwroot/eml/vendor/laravel/framework/src/Illuminate/Foundation/Application.php\",
            \"line\": 907,
            \"function\": \"bootProvider\",
            \"class\": \"Illuminate\\\\Foundation\\\\Application\",
            \"type\": \"->\"
        },
        {
            \"function\": \"Illuminate\\\\Foundation\\\\{closure}\",
            \"class\": \"Illuminate\\\\Foundation\\\\Application\",
            \"type\": \"->\"
        },
        {
            \"file\": \"/www/wwwroot/eml/vendor/laravel/framework/src/Illuminate/Foundation/Application.php\",
            \"line\": 908,
            \"function\": \"array_walk\"
        },
        {
            \"file\": \"/www/wwwroot/eml/vendor/laravel/framework/src/Illuminate/Foundation/Bootstrap/BootProviders.php\",
            \"line\": 17,
            \"function\": \"boot\",
            \"class\": \"Illuminate\\\\Foundation\\\\Application\",
            \"type\": \"->\"
        },
        {
            \"file\": \"/www/wwwroot/eml/vendor/laravel/framework/src/Illuminate/Foundation/Application.php\",
            \"line\": 237,
            \"function\": \"bootstrap\",
            \"class\": \"Illuminate\\\\Foundation\\\\Bootstrap\\\\BootProviders\",
            \"type\": \"->\"
        },
        {
            \"file\": \"/www/wwwroot/eml/vendor/laravel/framework/src/Illuminate/Foundation/Http/Kernel.php\",
            \"line\": 153,
            \"function\": \"bootstrapWith\",
            \"class\": \"Illuminate\\\\Foundation\\\\Application\",
            \"type\": \"->\"
        },
        {
            \"file\": \"/www/wwwroot/eml/vendor/laravel/framework/src/Illuminate/Foundation/Http/Kernel.php\",
            \"line\": 137,
            \"function\": \"bootstrap\",
            \"class\": \"Illuminate\\\\Foundation\\\\Http\\\\Kernel\",
            \"type\": \"->\"
        },
        {
            \"file\": \"/www/wwwroot/eml/vendor/laravel/framework/src/Illuminate/Foundation/Http/Kernel.php\",
            \"line\": 111,
            \"function\": \"sendRequestThroughRouter\",
            \"class\": \"Illuminate\\\\Foundation\\\\Http\\\\Kernel\",
            \"type\": \"->\"
        },
        {
            \"file\": \"/www/wwwroot/eml/public/index.php\",
            \"line\": 52,
            \"function\": \"handle\",
            \"class\": \"Illuminate\\\\Foundation\\\\Http\\\\Kernel\",
            \"type\": \"->\"
        }
    ]
}"} 
[2026-02-24 16:40:38] local.ERROR: Fyjt remote request failed {"status":500,"body":"{
    \"message\": \"Call to a member function middleware() on array\",
    \"exception\": \"Error\",
    \"file\": \"/www/wwwroot/eml/routes/api.php\",
    \"line\": 21,
    \"trace\": [
        {
            \"file\": \"/www/wwwroot/eml/vendor/laravel/framework/src/Illuminate/Routing/RouteFileRegistrar.php\",
            \"line\": 35,
            \"function\": \"require\"
        },
        {
            \"file\": \"/www/wwwroot/eml/vendor/laravel/framework/src/Illuminate/Routing/Router.php\",
            \"line\": 425,
            \"function\": \"register\",
            \"class\": \"Illuminate\\\\Routing\\\\RouteFileRegistrar\",
            \"type\": \"->\"
        },
        {
            \"file\": \"/www/wwwroot/eml/vendor/laravel/framework/src/Illuminate/Routing/Router.php\",
            \"line\": 382,
            \"function\": \"loadRoutes\",
            \"class\": \"Illuminate\\\\Routing\\\\Router\",
            \"type\": \"->\"
        },
        {
            \"file\": \"/www/wwwroot/eml/vendor/laravel/framework/src/Illuminate/Routing/RouteRegistrar.php\",
            \"line\": 163,
            \"function\": \"group\",
            \"class\": \"Illuminate\\\\Routing\\\\Router\",
            \"type\": \"->\"
        },
        {
            \"file\": \"/www/wwwroot/eml/app/Providers/RouteServiceProvider.php\",
            \"line\": 44,
            \"function\": \"group\",
            \"class\": \"Illuminate\\\\Routing\\\\RouteRegistrar\",
            \"type\": \"->\"
        },
        {
            \"file\": \"/www/wwwroot/eml/vendor/laravel/framework/src/Illuminate/Container/BoundMethod.php\",
            \"line\": 36,
            \"function\": \"App\\\\Providers\\\\{closure}\",
            \"class\": \"App\\\\Providers\\\\RouteServiceProvider\",
            \"type\": \"->\"
        },
        {
            \"file\": \"/www/wwwroot/eml/vendor/laravel/framework/src/Illuminate/Container/Util.php\",
            \"line\": 40,
            \"function\": \"Illuminate\\\\Container\\\\{closure}\",
            \"class\": \"Illuminate\\\\Container\\\\BoundMethod\",
            \"type\": \"::\"
        },
        {
            \"file\": \"/www/wwwroot/eml/vendor/laravel/framework/src/Illuminate/Container/BoundMethod.php\",
            \"line\": 81,
            \"function\": \"unwrapIfClosure\",
            \"class\": \"Illuminate\\\\Container\\\\Util\",
            \"type\": \"::\"
        },
        {
            \"file\": \"/www/wwwroot/eml/vendor/laravel/framework/src/Illuminate/Container/BoundMethod.php\",
            \"line\": 37,
            \"function\": \"callBoundMethod\",
            \"class\": \"Illuminate\\\\Container\\\\BoundMethod\",
            \"type\": \"::\"
        },
        {
            \"file\": \"/www/wwwroot/eml/vendor/laravel/framework/src/Illuminate/Container/Container.php\",
            \"line\": 653,
            \"function\": \"call\",
            \"class\": \"Illuminate\\\\Container\\\\BoundMethod\",
            \"type\": \"::\"
        },
        {
            \"file\": \"/www/wwwroot/eml/vendor/laravel/framework/src/Illuminate/Foundation/Support/Providers/RouteServiceProvider.php\",
            \"line\": 120,
            \"function\": \"call\",
            \"class\": \"Illuminate\\\\Container\\\\Container\",
            \"type\": \"->\"
        },
        {
            \"file\": \"/www/wwwroot/eml/vendor/laravel/framework/src/Illuminate/Foundation/Support/Providers/RouteServiceProvider.php\",
            \"line\": 45,
            \"function\": \"loadRoutes\",
            \"class\": \"Illuminate\\\\Foundation\\\\Support\\\\Providers\\\\RouteServiceProvider\",
            \"type\": \"->\"
        },
        {
            \"file\": \"/www/wwwroot/eml/vendor/laravel/framework/src/Illuminate/Container/BoundMethod.php\",
            \"line\": 36,
            \"function\": \"Illuminate\\\\Foundation\\\\Support\\\\Providers\\\\{closure}\",
            \"class\": \"Illuminate\\\\Foundation\\\\Support\\\\Providers\\\\RouteServiceProvider\",
            \"type\": \"->\"
        },
        {
            \"file\": \"/www/wwwroot/eml/vendor/laravel/framework/src/Illuminate/Container/Util.php\",
            \"line\": 40,
            \"function\": \"Illuminate\\\\Container\\\\{closure}\",
            \"class\": \"Illuminate\\\\Container\\\\BoundMethod\",
            \"type\": \"::\"
        },
        {
            \"file\": \"/www/wwwroot/eml/vendor/laravel/framework/src/Illuminate/Container/BoundMethod.php\",
            \"line\": 81,
            \"function\": \"unwrapIfClosure\",
            \"class\": \"Illuminate\\\\Container\\\\Util\",
            \"type\": \"::\"
        },
        {
            \"file\": \"/www/wwwroot/eml/vendor/laravel/framework/src/Illuminate/Container/BoundMethod.php\",
            \"line\": 37,
            \"function\": \"callBoundMethod\",
            \"class\": \"Illuminate\\\\Container\\\\BoundMethod\",
            \"type\": \"::\"
        },
        {
            \"file\": \"/www/wwwroot/eml/vendor/laravel/framework/src/Illuminate/Container/Container.php\",
            \"line\": 653,
            \"function\": \"call\",
            \"class\": \"Illuminate\\\\Container\\\\BoundMethod\",
            \"type\": \"::\"
        },
        {
            \"file\": \"/www/wwwroot/eml/vendor/laravel/framework/src/Illuminate/Support/ServiceProvider.php\",
            \"line\": 119,
            \"function\": \"call\",
            \"class\": \"Illuminate\\\\Container\\\\Container\",
            \"type\": \"->\"
        },
        {
            \"file\": \"/www/wwwroot/eml/vendor/laravel/framework/src/Illuminate/Foundation/Application.php\",
            \"line\": 929,
            \"function\": \"callBootedCallbacks\",
            \"class\": \"Illuminate\\\\Support\\\\ServiceProvider\",
            \"type\": \"->\"
        },
        {
            \"file\": \"/www/wwwroot/eml/vendor/laravel/framework/src/Illuminate/Foundation/Application.php\",
            \"line\": 907,
            \"function\": \"bootProvider\",
            \"class\": \"Illuminate\\\\Foundation\\\\Application\",
            \"type\": \"->\"
        },
        {
            \"function\": \"Illuminate\\\\Foundation\\\\{closure}\",
            \"class\": \"Illuminate\\\\Foundation\\\\Application\",
            \"type\": \"->\"
        },
        {
            \"file\": \"/www/wwwroot/eml/vendor/laravel/framework/src/Illuminate/Foundation/Application.php\",
            \"line\": 908,
            \"function\": \"array_walk\"
        },
        {
            \"file\": \"/www/wwwroot/eml/vendor/laravel/framework/src/Illuminate/Foundation/Bootstrap/BootProviders.php\",
            \"line\": 17,
            \"function\": \"boot\",
            \"class\": \"Illuminate\\\\Foundation\\\\Application\",
            \"type\": \"->\"
        },
        {
            \"file\": \"/www/wwwroot/eml/vendor/laravel/framework/src/Illuminate/Foundation/Application.php\",
            \"line\": 237,
            \"function\": \"bootstrap\",
            \"class\": \"Illuminate\\\\Foundation\\\\Bootstrap\\\\BootProviders\",
            \"type\": \"->\"
        },
        {
            \"file\": \"/www/wwwroot/eml/vendor/laravel/framework/src/Illuminate/Foundation/Http/Kernel.php\",
            \"line\": 153,
            \"function\": \"bootstrapWith\",
            \"class\": \"Illuminate\\\\Foundation\\\\Application\",
            \"type\": \"->\"
        },
        {
            \"file\": \"/www/wwwroot/eml/vendor/laravel/framework/src/Illuminate/Foundation/Http/Kernel.php\",
            \"line\": 137,
            \"function\": \"bootstrap\",
            \"class\": \"Illuminate\\\\Foundation\\\\Http\\\\Kernel\",
            \"type\": \"->\"
        },
        {
            \"file\": \"/www/wwwroot/eml/vendor/laravel/framework/src/Illuminate/Foundation/Http/Kernel.php\",
            \"line\": 111,
            \"function\": \"sendRequestThroughRouter\",
            \"class\": \"Illuminate\\\\Foundation\\\\Http\\\\Kernel\",
            \"type\": \"->\"
        },
        {
            \"file\": \"/www/wwwroot/eml/public/index.php\",
            \"line\": 52,
            \"function\": \"handle\",
            \"class\": \"Illuminate\\\\Foundation\\\\Http\\\\Kernel\",
            \"type\": \"->\"
        }
    ]
}"} 
[2026-02-24 17:05:58] local.ERROR: Fyjt remote request failed {"status":401,"body":"{\"error\":\"Invalid signature\"}"} 
[2026-02-24 17:24:21] local.ERROR: Fyjt remote request failed {"status":500,"body":"{
    \"message\": \"Undefined variable: result\",
    \"exception\": \"ErrorException\",
    \"file\": \"/www/wwwroot/eml/app/Http/Controllers/TriggerController.php\",
    \"line\": 20,
    \"trace\": [
        {
            \"file\": \"/www/wwwroot/eml/app/Http/Controllers/TriggerController.php\",
            \"line\": 20,
            \"function\": \"handleError\",
            \"class\": \"Illuminate\\\\Foundation\\\\Bootstrap\\\\HandleExceptions\",
            \"type\": \"->\"
        },
        {
            \"file\": \"/www/wwwroot/eml/vendor/laravel/framework/src/Illuminate/Routing/Controller.php\",
            \"line\": 54,
            \"function\": \"trigger\",
            \"class\": \"App\\\\Http\\\\Controllers\\\\TriggerController\",
            \"type\": \"->\"
        },
        {
            \"file\": \"/www/wwwroot/eml/vendor/laravel/framework/src/Illuminate/Routing/ControllerDispatcher.php\",
            \"line\": 45,
            \"function\": \"callAction\",
            \"class\": \"Illuminate\\\\Routing\\\\Controller\",
            \"type\": \"->\"
        },
        {
            \"file\": \"/www/wwwroot/eml/vendor/laravel/framework/src/Illuminate/Routing/Route.php\",
            \"line\": 262,
            \"function\": \"dispatch\",
            \"class\": \"Illuminate\\\\Routing\\\\ControllerDispatcher\",
            \"type\": \"->\"
        },
        {
            \"file\": \"/www/wwwroot/eml/vendor/laravel/framework/src/Illuminate/Routing/Route.php\",
            \"line\": 205,
            \"function\": \"runController\",
            \"class\": \"Illuminate\\\\Routing\\\\Route\",
            \"type\": \"->\"
        },
        {
            \"file\": \"/www/wwwroot/eml/vendor/laravel/framework/src/Illuminate/Routing/Router.php\",
            \"line\": 721,
            \"function\": \"run\",
            \"class\": \"Illuminate\\\\Routing\\\\Route\",
            \"type\": \"->\"
        },
        {
            \"file\": \"/www/wwwroot/eml/vendor/laravel/framework/src/Illuminate/Pipeline/Pipeline.php\",
            \"line\": 128,
            \"function\": \"Illuminate\\\\Routing\\\\{closure}\",
            \"class\": \"Illuminate\\\\Routing\\\\Router\",
            \"type\": \"->\"
        },
        {
            \"file\": \"/www/wwwroot/eml/app/Http/Middleware/VerifyFyjtRequest.php\",
            \"line\": 107,
            \"function\": \"Illuminate\\\\Pipeline\\\\{closure}\",
            \"class\": \"Illuminate\\\\Pipeline\\\\Pipeline\",
            \"type\": \"->\"
        },
        {
            \"file\": \"/www/wwwroot/eml/vendor/laravel/framework/src/Illuminate/Pipeline/Pipeline.php\",
            \"line\": 167,
            \"function\": \"handle\",
            \"class\": \"App\\\\Http\\\\Middleware\\\\VerifyFyjtRequest\",
            \"type\": \"->\"
        },
        {
            \"file\": \"/www/wwwroot/eml/vendor/laravel/framework/src/Illuminate/Routing/Middleware/SubstituteBindings.php\",
            \"line\": 50,
            \"function\": \"Illuminate\\\\Pipeline\\\\{closure}\",
            \"class\": \"Illuminate\\\\Pipeline\\\\Pipeline\",
            \"type\": \"->\"
        },
        {
            \"file\": \"/www/wwwroot/eml/vendor/laravel/framework/src/Illuminate/Pipeline/Pipeline.php\",
            \"line\": 167,
            \"function\": \"handle\",
            \"class\": \"Illuminate\\\\Routing\\\\Middleware\\\\SubstituteBindings\",
            \"type\": \"->\"
        },
        {
            \"file\": \"/www/wwwroot/eml/vendor/laravel/framework/src/Illuminate/Routing/Middleware/ThrottleRequests.php\",
            \"line\": 127,
            \"function\": \"Illuminate\\\\Pipeline\\\\{closure}\",
            \"class\": \"Illuminate\\\\Pipeline\\\\Pipeline\",
            \"type\": \"->\"
        },
        {
            \"file\": \"/www/wwwroot/eml/vendor/laravel/framework/src/Illuminate/Routing/Middleware/ThrottleRequests.php\",
            \"line\": 103,
            \"function\": \"handleRequest\",
            \"class\": \"Illuminate\\\\Routing\\\\Middleware\\\\ThrottleRequests\",
            \"type\": \"->\"
        },
        {
            \"file\": \"/www/wwwroot/eml/vendor/laravel/framework/src/Illuminate/Routing/Middleware/ThrottleRequests.php\",
            \"line\": 55,
            \"function\": \"handleRequestUsingNamedLimiter\",
            \"class\": \"Illuminate\\\\Routing\\\\Middleware\\\\ThrottleRequests\",
            \"type\": \"->\"
        },
        {
            \"file\": \"/www/wwwroot/eml/vendor/laravel/framework/src/Illuminate/Pipeline/Pipeline.php\",
            \"line\": 167,
            \"function\": \"handle\",
            \"class\": \"Illuminate\\\\Routing\\\\Middleware\\\\ThrottleRequests\",
            \"type\": \"->\"
        },
        {
            \"file\": \"/www/wwwroot/eml/vendor/laravel/framework/src/Illuminate/Pipeline/Pipeline.php\",
            \"line\": 103,
            \"function\": \"Illuminate\\\\Pipeline\\\\{closure}\",
            \"class\": \"Illuminate\\\\Pipeline\\\\Pipeline\",
            \"type\": \"->\"
        },
        {
            \"file\": \"/www/wwwroot/eml/vendor/laravel/framework/src/Illuminate/Routing/Router.php\",
            \"line\": 723,
            \"function\": \"then\",
            \"class\": \"Illuminate\\\\Pipeline\\\\Pipeline\",
            \"type\": \"->\"
        },
        {
            \"file\": \"/www/wwwroot/eml/vendor/laravel/framework/src/Illuminate/Routing/Router.php\",
            \"line\": 698,
            \"function\": \"runRouteWithinStack\",
            \"class\": \"Illuminate\\\\Routing\\\\Router\",
            \"type\": \"->\"
        },
        {
            \"file\": \"/www/wwwroot/eml/vendor/laravel/framework/src/Illuminate/Routing/Router.php\",
            \"line\": 662,
            \"function\": \"runRoute\",
            \"class\": \"Illuminate\\\\Routing\\\\Router\",
            \"type\": \"->\"
        },
        {
            \"file\": \"/www/wwwroot/eml/vendor/laravel/framework/src/Illuminate/Routing/Router.php\",
            \"line\": 651,
            \"function\": \"dispatchToRoute\",
            \"class\": \"Illuminate\\\\Routing\\\\Router\",
            \"type\": \"->\"
        },
        {
            \"file\": \"/www/wwwroot/eml/vendor/laravel/framework/src/Illuminate/Foundation/Http/Kernel.php\",
            \"line\": 167,
            \"function\": \"dispatch\",
            \"class\": \"Illuminate\\\\Routing\\\\Router\",
            \"type\": \"->\"
        },
        {
            \"file\": \"/www/wwwroot/eml/vendor/laravel/framework/src/Illuminate/Pipeline/Pipeline.php\",
            \"line\": 128,
            \"function\": \"Illuminate\\\\Foundation\\\\Http\\\\{closure}\",
            \"class\": \"Illuminate\\\\Foundation\\\\Http\\\\Kernel\",
            \"type\": \"->\"
        },
        {
            \"file\": \"/www/wwwroot/eml/vendor/laravel/framework/src/Illuminate/Foundation/Http/Middleware/TransformsRequest.php\",
            \"line\": 21,
            \"function\": \"Illuminate\\\\Pipeline\\\\{closure}\",
            \"class\": \"Illuminate\\\\Pipeline\\\\Pipeline\",
            \"type\": \"->\"
        },
        {
            \"file\": \"/www/wwwroot/eml/vendor/laravel/framework/src/Illuminate/Foundation/Http/Middleware/ConvertEmptyStringsToNull.php\",
            \"line\": 31,
            \"function\": \"handle\",
            \"class\": \"Illuminate\\\\Foundation\\\\Http\\\\Middleware\\\\TransformsRequest\",
            \"type\": \"->\"
        },
        {
            \"file\": \"/www/wwwroot/eml/vendor/laravel/framework/src/Illuminate/Pipeline/Pipeline.php\",
            \"line\": 167,
            \"function\": \"handle\",
            \"class\": \"Illuminate\\\\Foundation\\\\Http\\\\Middleware\\\\ConvertEmptyStringsToNull\",
            \"type\": \"->\"
        },
        {
            \"file\": \"/www/wwwroot/eml/vendor/laravel/framework/src/Illuminate/Foundation/Http/Middleware/TransformsRequest.php\",
            \"line\": 21,
            \"function\": \"Illuminate\\\\Pipeline\\\\{closure}\",
            \"class\": \"Illuminate\\\\Pipeline\\\\Pipeline\",
            \"type\": \"->\"
        },
        {
            \"file\": \"/www/wwwroot/eml/vendor/laravel/framework/src/Illuminate/Foundation/Http/Middleware/TrimStrings.php\",
            \"line\": 40,
            \"function\": \"handle\",
            \"class\": \"Illuminate\\\\Foundation\\\\Http\\\\Middleware\\\\TransformsRequest\",
            \"type\": \"->\"
        },
        {
            \"file\": \"/www/wwwroot/eml/vendor/laravel/framework/src/Illuminate/Pipeline/Pipeline.php\",
            \"line\": 167,
            \"function\": \"handle\",
            \"class\": \"Illuminate\\\\Foundation\\\\Http\\\\Middleware\\\\TrimStrings\",
            \"type\": \"->\"
        },
        {
            \"file\": \"/www/wwwroot/eml/vendor/laravel/framework/src/Illuminate/Foundation/Http/Middleware/ValidatePostSize.php\",
            \"line\": 27,
            \"function\": \"Illuminate\\\\Pipeline\\\\{closure}\",
            \"class\": \"Illuminate\\\\Pipeline\\\\Pipeline\",
            \"type\": \"->\"
        },
        {
            \"file\": \"/www/wwwroot/eml/vendor/laravel/framework/src/Illuminate/Pipeline/Pipeline.php\",
            \"line\": 167,
            \"function\": \"handle\",
            \"class\": \"Illuminate\\\\Foundation\\\\Http\\\\Middleware\\\\ValidatePostSize\",
            \"type\": \"->\"
        },
        {
            \"file\": \"/www/wwwroot/eml/vendor/laravel/framework/src/Illuminate/Foundation/Http/Middleware/PreventRequestsDuringMaintenance.php\",
            \"line\": 86,
            \"function\": \"Illuminate\\\\Pipeline\\\\{closure}\",
            \"class\": \"Illuminate\\\\Pipeline\\\\Pipeline\",
            \"type\": \"->\"
        },
        {
            \"file\": \"/www/wwwroot/eml/vendor/laravel/framework/src/Illuminate/Pipeline/Pipeline.php\",
            \"line\": 167,
            \"function\": \"handle\",
            \"class\": \"Illuminate\\\\Foundation\\\\Http\\\\Middleware\\\\PreventRequestsDuringMaintenance\",
            \"type\": \"->\"
        },
        {
            \"file\": \"/www/wwwroot/eml/vendor/fruitcake/laravel-cors/src/HandleCors.php\",
            \"line\": 52,
            \"function\": \"Illuminate\\\\Pipeline\\\\{closure}\",
            \"class\": \"Illuminate\\\\Pipeline\\\\Pipeline\",
            \"type\": \"->\"
        },
        {
            \"file\": \"/www/wwwroot/eml/vendor/laravel/framework/src/Illuminate/Pipeline/Pipeline.php\",
            \"line\": 167,
            \"function\": \"handle\",
            \"class\": \"Fruitcake\\\\Cors\\\\HandleCors\",
            \"type\": \"->\"
        },
        {
            \"file\": \"/www/wwwroot/eml/vendor/laravel/framework/src/Illuminate/Http/Middleware/TrustProxies.php\",
            \"line\": 39,
            \"function\": \"Illuminate\\\\Pipeline\\\\{closure}\",
            \"class\": \"Illuminate\\\\Pipeline\\\\Pipeline\",
            \"type\": \"->\"
        },
        {
            \"file\": \"/www/wwwroot/eml/vendor/laravel/framework/src/Illuminate/Pipeline/Pipeline.php\",
            \"line\": 167,
            \"function\": \"handle\",
            \"class\": \"Illuminate\\\\Http\\\\Middleware\\\\TrustProxies\",
            \"type\": \"->\"
        },
        {
            \"file\": \"/www/wwwroot/eml/vendor/laravel/framework/src/Illuminate/Pipeline/Pipeline.php\",
            \"line\": 103,
            \"function\": \"Illuminate\\\\Pipeline\\\\{closure}\",
            \"class\": \"Illuminate\\\\Pipeline\\\\Pipeline\",
            \"type\": \"->\"
        },
        {
            \"file\": \"/www/wwwroot/eml/vendor/laravel/framework/src/Illuminate/Foundation/Http/Kernel.php\",
            \"line\": 142,
            \"function\": \"then\",
            \"class\": \"Illuminate\\\\Pipeline\\\\Pipeline\",
            \"type\": \"->\"
        },
        {
            \"file\": \"/www/wwwroot/eml/vendor/laravel/framework/src/Illuminate/Foundation/Http/Kernel.php\",
            \"line\": 111,
            \"function\": \"sendRequestThroughRouter\",
            \"class\": \"Illuminate\\\\Foundation\\\\Http\\\\Kernel\",
            \"type\": \"->\"
        },
        {
            \"file\": \"/www/wwwroot/eml/public/index.php\",
            \"line\": 52,
            \"function\": \"handle\",
            \"class\": \"Illuminate\\\\Foundation\\\\Http\\\\Kernel\",
            \"type\": \"->\"
        }
    ]
}"} 
[2026-02-24 17:30:42] local.WARNING: Failed to update invitation code meta {"error":"Undefined variable: code"} 
[2026-02-25 19:35:59] local.ERROR: Fyjt remote request failed {"status":500,"body":"{
    \"message\": \"syntax error, unexpected ')'\",
    \"exception\": \"ParseError\",
    \"file\": \"/www/wwwroot/eml/app/Jobs/RunPlaywrightJob.php\",
    \"line\": 101,
    \"trace\": [
        {
            \"file\": \"/www/wwwroot/eml/vendor/composer/ClassLoader.php\",
            \"line\": 427,
            \"function\": \"Composer\\\\Autoload\\\\{closure}\"
        },
        {
            \"function\": \"loadClass\",
            \"class\": \"Composer\\\\Autoload\\\\ClassLoader\",
            \"type\": \"->\"
        },
        {
            \"file\": \"/www/wwwroot/eml/app/Http/Controllers/TriggerController.php\",
            \"line\": 44,
            \"function\": \"spl_autoload_call\"
        },
        {
            \"file\": \"/www/wwwroot/eml/vendor/laravel/framework/src/Illuminate/Routing/Controller.php\",
            \"line\": 54,
            \"function\": \"trigger\",
            \"class\": \"App\\\\Http\\\\Controllers\\\\TriggerController\",
            \"type\": \"->\"
        },
        {
            \"file\": \"/www/wwwroot/eml/vendor/laravel/framework/src/Illuminate/Routing/ControllerDispatcher.php\",
            \"line\": 45,
            \"function\": \"callAction\",
            \"class\": \"Illuminate\\\\Routing\\\\Controller\",
            \"type\": \"->\"
        },
        {
            \"file\": \"/www/wwwroot/eml/vendor/laravel/framework/src/Illuminate/Routing/Route.php\",
            \"line\": 262,
            \"function\": \"dispatch\",
            \"class\": \"Illuminate\\\\Routing\\\\ControllerDispatcher\",
            \"type\": \"->\"
        },
        {
            \"file\": \"/www/wwwroot/eml/vendor/laravel/framework/src/Illuminate/Routing/Route.php\",
            \"line\": 205,
            \"function\": \"runController\",
            \"class\": \"Illuminate\\\\Routing\\\\Route\",
            \"type\": \"->\"
        },
        {
            \"file\": \"/www/wwwroot/eml/vendor/laravel/framework/src/Illuminate/Routing/Router.php\",
            \"line\": 721,
            \"function\": \"run\",
            \"class\": \"Illuminate\\\\Routing\\\\Route\",
            \"type\": \"->\"
        },
        {
            \"file\": \"/www/wwwroot/eml/vendor/laravel/framework/src/Illuminate/Pipeline/Pipeline.php\",
            \"line\": 128,
            \"function\": \"Illuminate\\\\Routing\\\\{closure}\",
            \"class\": \"Illuminate\\\\Routing\\\\Router\",
            \"type\": \"->\"
        },
        {
            \"file\": \"/www/wwwroot/eml/app/Http/Middleware/VerifyFyjtRequest.php\",
            \"line\": 107,
            \"function\": \"Illuminate\\\\Pipeline\\\\{closure}\",
            \"class\": \"Illuminate\\\\Pipeline\\\\Pipeline\",
            \"type\": \"->\"
        },
        {
            \"file\": \"/www/wwwroot/eml/vendor/laravel/framework/src/Illuminate/Pipeline/Pipeline.php\",
            \"line\": 167,
            \"function\": \"handle\",
            \"class\": \"App\\\\Http\\\\Middleware\\\\VerifyFyjtRequest\",
            \"type\": \"->\"
        },
        {
            \"file\": \"/www/wwwroot/eml/vendor/laravel/framework/src/Illuminate/Routing/Middleware/SubstituteBindings.php\",
            \"line\": 50,
            \"function\": \"Illuminate\\\\Pipeline\\\\{closure}\",
            \"class\": \"Illuminate\\\\Pipeline\\\\Pipeline\",
            \"type\": \"->\"
        },
        {
            \"file\": \"/www/wwwroot/eml/vendor/laravel/framework/src/Illuminate/Pipeline/Pipeline.php\",
            \"line\": 167,
            \"function\": \"handle\",
            \"class\": \"Illuminate\\\\Routing\\\\Middleware\\\\SubstituteBindings\",
            \"type\": \"->\"
        },
        {
            \"file\": \"/www/wwwroot/eml/vendor/laravel/framework/src/Illuminate/Routing/Middleware/ThrottleRequests.php\",
            \"line\": 127,
            \"function\": \"Illuminate\\\\Pipeline\\\\{closure}\",
            \"class\": \"Illuminate\\\\Pipeline\\\\Pipeline\",
            \"type\": \"->\"
        },
        {
            \"file\": \"/www/wwwroot/eml/vendor/laravel/framework/src/Illuminate/Routing/Middleware/ThrottleRequests.php\",
            \"line\": 103,
            \"function\": \"handleRequest\",
            \"class\": \"Illuminate\\\\Routing\\\\Middleware\\\\ThrottleRequests\",
            \"type\": \"->\"
        },
        {
            \"file\": \"/www/wwwroot/eml/vendor/laravel/framework/src/Illuminate/Routing/Middleware/ThrottleRequests.php\",
            \"line\": 55,
            \"function\": \"handleRequestUsingNamedLimiter\",
            \"class\": \"Illuminate\\\\Routing\\\\Middleware\\\\ThrottleRequests\",
            \"type\": \"->\"
        },
        {
            \"file\": \"/www/wwwroot/eml/vendor/laravel/framework/src/Illuminate/Pipeline/Pipeline.php\",
            \"line\": 167,
            \"function\": \"handle\",
            \"class\": \"Illuminate\\\\Routing\\\\Middleware\\\\ThrottleRequests\",
            \"type\": \"->\"
        },
        {
            \"file\": \"/www/wwwroot/eml/vendor/laravel/framework/src/Illuminate/Pipeline/Pipeline.php\",
            \"line\": 103,
            \"function\": \"Illuminate\\\\Pipeline\\\\{closure}\",
            \"class\": \"Illuminate\\\\Pipeline\\\\Pipeline\",
            \"type\": \"->\"
        },
        {
            \"file\": \"/www/wwwroot/eml/vendor/laravel/framework/src/Illuminate/Routing/Router.php\",
            \"line\": 723,
            \"function\": \"then\",
            \"class\": \"Illuminate\\\\Pipeline\\\\Pipeline\",
            \"type\": \"->\"
        },
        {
            \"file\": \"/www/wwwroot/eml/vendor/laravel/framework/src/Illuminate/Routing/Router.php\",
            \"line\": 698,
            \"function\": \"runRouteWithinStack\",
            \"class\": \"Illuminate\\\\Routing\\\\Router\",
            \"type\": \"->\"
        },
        {
            \"file\": \"/www/wwwroot/eml/vendor/laravel/framework/src/Illuminate/Routing/Router.php\",
            \"line\": 662,
            \"function\": \"runRoute\",
            \"class\": \"Illuminate\\\\Routing\\\\Router\",
            \"type\": \"->\"
        },
        {
            \"file\": \"/www/wwwroot/eml/vendor/laravel/framework/src/Illuminate/Routing/Router.php\",
            \"line\": 651,
            \"function\": \"dispatchToRoute\",
            \"class\": \"Illuminate\\\\Routing\\\\Router\",
            \"type\": \"->\"
        },
        {
            \"file\": \"/www/wwwroot/eml/vendor/laravel/framework/src/Illuminate/Foundation/Http/Kernel.php\",
            \"line\": 167,
            \"function\": \"dispatch\",
            \"class\": \"Illuminate\\\\Routing\\\\Router\",
            \"type\": \"->\"
        },
        {
            \"file\": \"/www/wwwroot/eml/vendor/laravel/framework/src/Illuminate/Pipeline/Pipeline.php\",
            \"line\": 128,
            \"function\": \"Illuminate\\\\Foundation\\\\Http\\\\{closure}\",
            \"class\": \"Illuminate\\\\Foundation\\\\Http\\\\Kernel\",
            \"type\": \"->\"
        },
        {
            \"file\": \"/www/wwwroot/eml/vendor/laravel/framework/src/Illuminate/Foundation/Http/Middleware/TransformsRequest.php\",
            \"line\": 21,
            \"function\": \"Illuminate\\\\Pipeline\\\\{closure}\",
            \"class\": \"Illuminate\\\\Pipeline\\\\Pipeline\",
            \"type\": \"->\"
        },
        {
            \"file\": \"/www/wwwroot/eml/vendor/laravel/framework/src/Illuminate/Foundation/Http/Middleware/ConvertEmptyStringsToNull.php\",
            \"line\": 31,
            \"function\": \"handle\",
            \"class\": \"Illuminate\\\\Foundation\\\\Http\\\\Middleware\\\\TransformsRequest\",
            \"type\": \"->\"
        },
        {
            \"file\": \"/www/wwwroot/eml/vendor/laravel/framework/src/Illuminate/Pipeline/Pipeline.php\",
            \"line\": 167,
            \"function\": \"handle\",
            \"class\": \"Illuminate\\\\Foundation\\\\Http\\\\Middleware\\\\ConvertEmptyStringsToNull\",
            \"type\": \"->\"
        },
        {
            \"file\": \"/www/wwwroot/eml/vendor/laravel/framework/src/Illuminate/Foundation/Http/Middleware/TransformsRequest.php\",
            \"line\": 21,
            \"function\": \"Illuminate\\\\Pipeline\\\\{closure}\",
            \"class\": \"Illuminate\\\\Pipeline\\\\Pipeline\",
            \"type\": \"->\"
        },
        {
            \"file\": \"/www/wwwroot/eml/vendor/laravel/framework/src/Illuminate/Foundation/Http/Middleware/TrimStrings.php\",
            \"line\": 40,
            \"function\": \"handle\",
            \"class\": \"Illuminate\\\\Foundation\\\\Http\\\\Middleware\\\\TransformsRequest\",
            \"type\": \"->\"
        },
        {
            \"file\": \"/www/wwwroot/eml/vendor/laravel/framework/src/Illuminate/Pipeline/Pipeline.php\",
            \"line\": 167,
            \"function\": \"handle\",
            \"class\": \"Illuminate\\\\Foundation\\\\Http\\\\Middleware\\\\TrimStrings\",
            \"type\": \"->\"
        },
        {
            \"file\": \"/www/wwwroot/eml/vendor/laravel/framework/src/Illuminate/Foundation/Http/Middleware/ValidatePostSize.php\",
            \"line\": 27,
            \"function\": \"Illuminate\\\\Pipeline\\\\{closure}\",
            \"class\": \"Illuminate\\\\Pipeline\\\\Pipeline\",
            \"type\": \"->\"
        },
        {
            \"file\": \"/www/wwwroot/eml/vendor/laravel/framework/src/Illuminate/Pipeline/Pipeline.php\",
            \"line\": 167,
            \"function\": \"handle\",
            \"class\": \"Illuminate\\\\Foundation\\\\Http\\\\Middleware\\\\ValidatePostSize\",
            \"type\": \"->\"
        },
        {
            \"file\": \"/www/wwwroot/eml/vendor/laravel/framework/src/Illuminate/Foundation/Http/Middleware/PreventRequestsDuringMaintenance.php\",
            \"line\": 86,
            \"function\": \"Illuminate\\\\Pipeline\\\\{closure}\",
            \"class\": \"Illuminate\\\\Pipeline\\\\Pipeline\",
            \"type\": \"->\"
        },
        {
            \"file\": \"/www/wwwroot/eml/vendor/laravel/framework/src/Illuminate/Pipeline/Pipeline.php\",
            \"line\": 167,
            \"function\": \"handle\",
            \"class\": \"Illuminate\\\\Foundation\\\\Http\\\\Middleware\\\\PreventRequestsDuringMaintenance\",
            \"type\": \"->\"
        },
        {
            \"file\": \"/www/wwwroot/eml/vendor/fruitcake/laravel-cors/src/HandleCors.php\",
            \"line\": 52,
            \"function\": \"Illuminate\\\\Pipeline\\\\{closure}\",
            \"class\": \"Illuminate\\\\Pipeline\\\\Pipeline\",
            \"type\": \"->\"
        },
        {
            \"file\": \"/www/wwwroot/eml/vendor/laravel/framework/src/Illuminate/Pipeline/Pipeline.php\",
            \"line\": 167,
            \"function\": \"handle\",
            \"class\": \"Fruitcake\\\\Cors\\\\HandleCors\",
            \"type\": \"->\"
        },
        {
            \"file\": \"/www/wwwroot/eml/vendor/laravel/framework/src/Illuminate/Http/Middleware/TrustProxies.php\",
            \"line\": 39,
            \"function\": \"Illuminate\\\\Pipeline\\\\{closure}\",
            \"class\": \"Illuminate\\\\Pipeline\\\\Pipeline\",
            \"type\": \"->\"
        },
        {
            \"file\": \"/www/wwwroot/eml/vendor/laravel/framework/src/Illuminate/Pipeline/Pipeline.php\",
            \"line\": 167,
            \"function\": \"handle\",
            \"class\": \"Illuminate\\\\Http\\\\Middleware\\\\TrustProxies\",
            \"type\": \"->\"
        },
        {
            \"file\": \"/www/wwwroot/eml/vendor/laravel/framework/src/Illuminate/Pipeline/Pipeline.php\",
            \"line\": 103,
            \"function\": \"Illuminate\\\\Pipeline\\\\{closure}\",
            \"class\": \"Illuminate\\\\Pipeline\\\\Pipeline\",
            \"type\": \"->\"
        },
        {
            \"file\": \"/www/wwwroot/eml/vendor/laravel/framework/src/Illuminate/Foundation/Http/Kernel.php\",
            \"line\": 142,
            \"function\": \"then\",
            \"class\": \"Illuminate\\\\Pipeline\\\\Pipeline\",
            \"type\": \"->\"
        },
        {
            \"file\": \"/www/wwwroot/eml/vendor/laravel/framework/src/Illuminate/Foundation/Http/Kernel.php\",
            \"line\": 111,
            \"function\": \"sendRequestThroughRouter\",
            \"class\": \"Illuminate\\\\Foundation\\\\Http\\\\Kernel\",
            \"type\": \"->\"
        },
        {
            \"file\": \"/www/wwwroot/eml/public/index.php\",
            \"line\": 52,
            \"function\": \"handle\",
            \"class\": \"Illuminate\\\\Foundation\\\\Http\\\\Kernel\",
            \"type\": \"->\"
        }
    ]
}"} 
[2026-02-25 21:29:46] local.ERROR: Use of undefined constant currentIp - assumed 'currentIp' (this will throw an Error in a future version of PHP) {"exception":"[object] (ErrorException(code: 0): Use of undefined constant currentIp - assumed 'currentIp' (this will throw an Error in a future version of PHP) at F:\\phpstudy81\\WWW\\fyjt\\app\\Http\\Controllers\\FyjtFormController.php:127)
[stacktrace]
#0 F:\\phpstudy81\\WWW\\fyjt\\app\\Http\\Controllers\\FyjtFormController.php(127): Illuminate\\Foundation\\Bootstrap\\HandleExceptions->handleError(2, 'Use of undefine...', 'F:\\\\phpstudy81\\\\W...', 127, Array)
#1 F:\\phpstudy81\\WWW\\fyjt\\vendor\\laravel\\framework\\src\\Illuminate\\Routing\\Controller.php(54): App\\Http\\Controllers\\FyjtFormController->submit(Object(App\\Http\\Requests\\FyjtSubmitRequest))
#2 F:\\phpstudy81\\WWW\\fyjt\\vendor\\laravel\\framework\\src\\Illuminate\\Routing\\ControllerDispatcher.php(45): Illuminate\\Routing\\Controller->callAction('submit', Array)
#3 F:\\phpstudy81\\WWW\\fyjt\\vendor\\laravel\\framework\\src\\Illuminate\\Routing\\Route.php(262): Illuminate\\Routing\\ControllerDispatcher->dispatch(Object(Illuminate\\Routing\\Route), Object(App\\Http\\Controllers\\FyjtFormController), 'submit')
#4 F:\\phpstudy81\\WWW\\fyjt\\vendor\\laravel\\framework\\src\\Illuminate\\Routing\\Route.php(205): Illuminate\\Routing\\Route->runController()
#5 F:\\phpstudy81\\WWW\\fyjt\\vendor\\laravel\\framework\\src\\Illuminate\\Routing\\Router.php(721): Illuminate\\Routing\\Route->run()
#6 F:\\phpstudy81\\WWW\\fyjt\\vendor\\laravel\\framework\\src\\Illuminate\\Pipeline\\Pipeline.php(128): Illuminate\\Routing\\Router->Illuminate\\Routing\\{closure}(Object(Illuminate\\Http\\Request))
#7 F:\\phpstudy81\\WWW\\fyjt\\app\\Http\\Middleware\\EnsureFyjtStep1Completed.php(48): Illuminate\\Pipeline\\Pipeline->Illuminate\\Pipeline\\{closure}(Object(Illuminate\\Http\\Request))
#8 F:\\phpstudy81\\WWW\\fyjt\\vendor\\laravel\\framework\\src\\Illuminate\\Pipeline\\Pipeline.php(167): App\\Http\\Middleware\\EnsureFyjtStep1Completed->handle(Object(Illuminate\\Http\\Request), Object(Closure))
#9 F:\\phpstudy81\\WWW\\fyjt\\vendor\\laravel\\framework\\src\\Illuminate\\Routing\\Middleware\\SubstituteBindings.php(50): Illuminate\\Pipeline\\Pipeline->Illuminate\\Pipeline\\{closure}(Object(Illuminate\\Http\\Request))
#10 F:\\phpstudy81\\WWW\\fyjt\\vendor\\laravel\\framework\\src\\Illuminate\\Pipeline\\Pipeline.php(167): Illuminate\\Routing\\Middleware\\SubstituteBindings->handle(Object(Illuminate\\Http\\Request), Object(Closure))
#11 F:\\phpstudy81\\WWW\\fyjt\\vendor\\laravel\\framework\\src\\Illuminate\\Foundation\\Http\\Middleware\\VerifyCsrfToken.php(78): Illuminate\\Pipeline\\Pipeline->Illuminate\\Pipeline\\{closure}(Object(Illuminate\\Http\\Request))
#12 F:\\phpstudy81\\WWW\\fyjt\\vendor\\laravel\\framework\\src\\Illuminate\\Pipeline\\Pipeline.php(167): Illuminate\\Foundation\\Http\\Middleware\\VerifyCsrfToken->handle(Object(Illuminate\\Http\\Request), Object(Closure))
#13 F:\\phpstudy81\\WWW\\fyjt\\vendor\\laravel\\framework\\src\\Illuminate\\View\\Middleware\\ShareErrorsFromSession.php(49): Illuminate\\Pipeline\\Pipeline->Illuminate\\Pipeline\\{closure}(Object(Illuminate\\Http\\Request))
#14 F:\\phpstudy81\\WWW\\fyjt\\vendor\\laravel\\framework\\src\\Illuminate\\Pipeline\\Pipeline.php(167): Illuminate\\View\\Middleware\\ShareErrorsFromSession->handle(Object(Illuminate\\Http\\Request), Object(Closure))
#15 F:\\phpstudy81\\WWW\\fyjt\\vendor\\laravel\\framework\\src\\Illuminate\\Session\\Middleware\\StartSession.php(121): Illuminate\\Pipeline\\Pipeline->Illuminate\\Pipeline\\{closure}(Object(Illuminate\\Http\\Request))
#16 F:\\phpstudy81\\WWW\\fyjt\\vendor\\laravel\\framework\\src\\Illuminate\\Session\\Middleware\\StartSession.php(64): Illuminate\\Session\\Middleware\\StartSession->handleStatefulRequest(Object(Illuminate\\Http\\Request), Object(Illuminate\\Session\\Store), Object(Closure))
#17 F:\\phpstudy81\\WWW\\fyjt\\vendor\\laravel\\framework\\src\\Illuminate\\Pipeline\\Pipeline.php(167): Illuminate\\Session\\Middleware\\StartSession->handle(Object(Illuminate\\Http\\Request), Object(Closure))
#18 F:\\phpstudy81\\WWW\\fyjt\\vendor\\laravel\\framework\\src\\Illuminate\\Cookie\\Middleware\\AddQueuedCookiesToResponse.php(37): Illuminate\\Pipeline\\Pipeline->Illuminate\\Pipeline\\{closure}(Object(Illuminate\\Http\\Request))
#19 F:\\phpstudy81\\WWW\\fyjt\\vendor\\laravel\\framework\\src\\Illuminate\\Pipeline\\Pipeline.php(167): Illuminate\\Cookie\\Middleware\\AddQueuedCookiesToResponse->handle(Object(Illuminate\\Http\\Request), Object(Closure))
#20 F:\\phpstudy81\\WWW\\fyjt\\vendor\\laravel\\framework\\src\\Illuminate\\Cookie\\Middleware\\EncryptCookies.php(67): Illuminate\\Pipeline\\Pipeline->Illuminate\\Pipeline\\{closure}(Object(Illuminate\\Http\\Request))
#21 F:\\phpstudy81\\WWW\\fyjt\\vendor\\laravel\\framework\\src\\Illuminate\\Pipeline\\Pipeline.php(167): Illuminate\\Cookie\\Middleware\\EncryptCookies->handle(Object(Illuminate\\Http\\Request), Object(Closure))
#22 F:\\phpstudy81\\WWW\\fyjt\\vendor\\laravel\\framework\\src\\Illuminate\\Pipeline\\Pipeline.php(103): Illuminate\\Pipeline\\Pipeline->Illuminate\\Pipeline\\{closure}(Object(Illuminate\\Http\\Request))
#23 F:\\phpstudy81\\WWW\\fyjt\\vendor\\laravel\\framework\\src\\Illuminate\\Routing\\Router.php(723): Illuminate\\Pipeline\\Pipeline->then(Object(Closure))
#24 F:\\phpstudy81\\WWW\\fyjt\\vendor\\laravel\\framework\\src\\Illuminate\\Routing\\Router.php(698): Illuminate\\Routing\\Router->runRouteWithinStack(Object(Illuminate\\Routing\\Route), Object(Illuminate\\Http\\Request))
#25 F:\\phpstudy81\\WWW\\fyjt\\vendor\\laravel\\framework\\src\\Illuminate\\Routing\\Router.php(662): Illuminate\\Routing\\Router->runRoute(Object(Illuminate\\Http\\Request), Object(Illuminate\\Routing\\Route))
#26 F:\\phpstudy81\\WWW\\fyjt\\vendor\\laravel\\framework\\src\\Illuminate\\Routing\\Router.php(651): Illuminate\\Routing\\Router->dispatchToRoute(Object(Illuminate\\Http\\Request))
#27 F:\\phpstudy81\\WWW\\fyjt\\vendor\\laravel\\framework\\src\\Illuminate\\Foundation\\Http\\Kernel.php(167): Illuminate\\Routing\\Router->dispatch(Object(Illuminate\\Http\\Request))
#28 F:\\phpstudy81\\WWW\\fyjt\\vendor\\laravel\\framework\\src\\Illuminate\\Pipeline\\Pipeline.php(128): Illuminate\\Foundation\\Http\\Kernel->Illuminate\\Foundation\\Http\\{closure}(Object(Illuminate\\Http\\Request))
#29 F:\\phpstudy81\\WWW\\fyjt\\vendor\\laravel\\framework\\src\\Illuminate\\Foundation\\Http\\Middleware\\TransformsRequest.php(21): Illuminate\\Pipeline\\Pipeline->Illuminate\\Pipeline\\{closure}(Object(Illuminate\\Http\\Request))
#30 F:\\phpstudy81\\WWW\\fyjt\\vendor\\laravel\\framework\\src\\Illuminate\\Foundation\\Http\\Middleware\\ConvertEmptyStringsToNull.php(31): Illuminate\\Foundation\\Http\\Middleware\\TransformsRequest->handle(Object(Illuminate\\Http\\Request), Object(Closure))
#31 F:\\phpstudy81\\WWW\\fyjt\\vendor\\laravel\\framework\\src\\Illuminate\\Pipeline\\Pipeline.php(167): Illuminate\\Foundation\\Http\\Middleware\\ConvertEmptyStringsToNull->handle(Object(Illuminate\\Http\\Request), Object(Closure))
#32 F:\\phpstudy81\\WWW\\fyjt\\vendor\\laravel\\framework\\src\\Illuminate\\Foundation\\Http\\Middleware\\TransformsRequest.php(21): Illuminate\\Pipeline\\Pipeline->Illuminate\\Pipeline\\{closure}(Object(Illuminate\\Http\\Request))
#33 F:\\phpstudy81\\WWW\\fyjt\\vendor\\laravel\\framework\\src\\Illuminate\\Foundation\\Http\\Middleware\\TrimStrings.php(40): Illuminate\\Foundation\\Http\\Middleware\\TransformsRequest->handle(Object(Illuminate\\Http\\Request), Object(Closure))
#34 F:\\phpstudy81\\WWW\\fyjt\\vendor\\laravel\\framework\\src\\Illuminate\\Pipeline\\Pipeline.php(167): Illuminate\\Foundation\\Http\\Middleware\\TrimStrings->handle(Object(Illuminate\\Http\\Request), Object(Closure))
#35 F:\\phpstudy81\\WWW\\fyjt\\vendor\\laravel\\framework\\src\\Illuminate\\Foundation\\Http\\Middleware\\ValidatePostSize.php(27): Illuminate\\Pipeline\\Pipeline->Illuminate\\Pipeline\\{closure}(Object(Illuminate\\Http\\Request))
#36 F:\\phpstudy81\\WWW\\fyjt\\vendor\\laravel\\framework\\src\\Illuminate\\Pipeline\\Pipeline.php(167): Illuminate\\Foundation\\Http\\Middleware\\ValidatePostSize->handle(Object(Illuminate\\Http\\Request), Object(Closure))
#37 F:\\phpstudy81\\WWW\\fyjt\\vendor\\laravel\\framework\\src\\Illuminate\\Foundation\\Http\\Middleware\\PreventRequestsDuringMaintenance.php(86): Illuminate\\Pipeline\\Pipeline->Illuminate\\Pipeline\\{closure}(Object(Illuminate\\Http\\Request))
#38 F:\\phpstudy81\\WWW\\fyjt\\vendor\\laravel\\framework\\src\\Illuminate\\Pipeline\\Pipeline.php(167): Illuminate\\Foundation\\Http\\Middleware\\PreventRequestsDuringMaintenance->handle(Object(Illuminate\\Http\\Request), Object(Closure))
#39 F:\\phpstudy81\\WWW\\fyjt\\vendor\\fruitcake\\laravel-cors\\src\\HandleCors.php(38): Illuminate\\Pipeline\\Pipeline->Illuminate\\Pipeline\\{closure}(Object(Illuminate\\Http\\Request))
#40 F:\\phpstudy81\\WWW\\fyjt\\vendor\\laravel\\framework\\src\\Illuminate\\Pipeline\\Pipeline.php(167): Fruitcake\\Cors\\HandleCors->handle(Object(Illuminate\\Http\\Request), Object(Closure))
#41 F:\\phpstudy81\\WWW\\fyjt\\vendor\\fideloper\\proxy\\src\\TrustProxies.php(57): Illuminate\\Pipeline\\Pipeline->Illuminate\\Pipeline\\{closure}(Object(Illuminate\\Http\\Request))
#42 F:\\phpstudy81\\WWW\\fyjt\\vendor\\laravel\\framework\\src\\Illuminate\\Pipeline\\Pipeline.php(167): Fideloper\\Proxy\\TrustProxies->handle(Object(Illuminate\\Http\\Request), Object(Closure))
#43 F:\\phpstudy81\\WWW\\fyjt\\vendor\\laravel\\framework\\src\\Illuminate\\Pipeline\\Pipeline.php(103): Illuminate\\Pipeline\\Pipeline->Illuminate\\Pipeline\\{closure}(Object(Illuminate\\Http\\Request))
#44 F:\\phpstudy81\\WWW\\fyjt\\vendor\\laravel\\framework\\src\\Illuminate\\Foundation\\Http\\Kernel.php(142): Illuminate\\Pipeline\\Pipeline->then(Object(Closure))
#45 F:\\phpstudy81\\WWW\\fyjt\\vendor\\laravel\\framework\\src\\Illuminate\\Foundation\\Http\\Kernel.php(111): Illuminate\\Foundation\\Http\\Kernel->sendRequestThroughRouter(Object(Illuminate\\Http\\Request))
#46 F:\\phpstudy81\\WWW\\fyjt\\public\\index.php(52): Illuminate\\Foundation\\Http\\Kernel->handle(Object(Illuminate\\Http\\Request))
#47 {main}
"} 
